<?xml version="1.0" encoding="UTF-8"?>
<testng-results skipped="0" failed="0" ignored="0" total="3" passed="3">
  <reporter-output>
  </reporter-output>
  <suite name="Default suite" duration-ms="317699" started-at="2017-08-08T11:23:23Z" finished-at="2017-08-08T11:28:40Z">
    <groups>
    </groups>
    <test name="Default test" duration-ms="317699" started-at="2017-08-08T11:23:23Z" finished-at="2017-08-08T11:28:40Z">
      <class name="claims.Claim_Grv">
        <test-method status="PASS" signature="launchBrowser()[pri:0, instance:claims.Claim_Grv@1810399e]" name="launchBrowser" is-config="true" duration-ms="5037" started-at="2017-08-08T16:53:23Z" finished-at="2017-08-08T16:53:28Z">
          <reporter-output>
          </reporter-output>
        </test-method> <!-- launchBrowser -->
        <test-method status="PASS" signature="NaviagtetoClaim()[pri:0, instance:claims.Claim_Grv@1810399e]" name="NaviagtetoClaim" duration-ms="144075" started-at="2017-08-08T16:53:28Z" finished-at="2017-08-08T16:55:52Z">
          <reporter-output>
          </reporter-output>
        </test-method> <!-- NaviagtetoClaim -->
        <test-method status="PASS" signature="launchBrowser()[pri:0, instance:claims.Claim_Grv@1810399e]" name="launchBrowser" is-config="true" duration-ms="3115" started-at="2017-08-08T16:55:52Z" finished-at="2017-08-08T16:55:55Z">
          <reporter-output>
          </reporter-output>
        </test-method> <!-- launchBrowser -->
        <test-method status="PASS" signature="scrutinylogin()[pri:1, instance:claims.Claim_Grv@1810399e]" name="scrutinylogin" duration-ms="108032" started-at="2017-08-08T16:55:55Z" finished-at="2017-08-08T16:57:43Z">
          <reporter-output>
          </reporter-output>
        </test-method> <!-- scrutinylogin -->
        <test-method status="PASS" signature="launchBrowser()[pri:0, instance:claims.Claim_Grv@1810399e]" name="launchBrowser" is-config="true" duration-ms="3045" started-at="2017-08-08T16:57:43Z" finished-at="2017-08-08T16:57:46Z">
          <reporter-output>
          </reporter-output>
        </test-method> <!-- launchBrowser -->
        <test-method status="PASS" signature="grvlogin()[pri:2, instance:claims.Claim_Grv@1810399e]" name="grvlogin" duration-ms="54363" started-at="2017-08-08T16:57:46Z" finished-at="2017-08-08T16:58:40Z">
          <reporter-output>
          </reporter-output>
        </test-method> <!-- grvlogin -->
      </class> <!-- claims.Claim_Grv -->
    </test> <!-- Default test -->
  </suite> <!-- Default suite -->
</testng-results>
