<?xml version="1.0" encoding="UTF-8"?>
<!-- Generated by org.testng.reporters.JUnitXMLReporter -->
<testsuite hostname="Manish-DSG" ignored="0" name="Default test" tests="3" failures="0" timestamp="08 Aug 2017 11:28:40 GMT" time="317.699" errors="0">
  <testcase name="NaviagtetoClaim" time="144.075" classname="claims.Claim_Grv"/>
  <testcase name="scrutinylogin" time="108.032" classname="claims.Claim_Grv"/>
  <testcase name="grvlogin" time="54.363" classname="claims.Claim_Grv"/>
</testsuite> <!-- Default test -->
